make.exe all --print-data-base --no-builtin-variables --no-builtin-rules --question
make: *** No rule to make target 'all'.  Stop.

# GNU Make 4.3
# Built for Windows32
# Copyright (C) 1988-2020 Free Software Foundation, Inc.
# License GPLv3+: GNU GPL version 3 or later <http://gnu.org/licenses/gpl.html>
# This is free software: you are free to change and redistribute it.
# There is NO WARRANTY, to the extent permitted by law.

# Make data base, printed on Thu Jul 07 16:34:22 2022

# Variables

# environment
FPS_BROWSER_APP_PROFILE_STRING = Internet Explorer
# environment
SYSTEMDRIVE = C:
# environment
LC_ALL = C
# environment
ACSVCPORT = 17532
# environment
USERPROFILE = C:\Users\saidm
# environment
LOCALAPPDATA = C:\Users\saidm\AppData\Local
# environment
VSCODE_IPC_HOOK_EXTHOST = \\.\pipe\vscode-ipc-b56790ef-4a1a-4758-9f05-730fa6c620c8-sock
# environment
WSLENV = BASH_ENV/u
# makefile (from 'Makefile', line 3)
SRC_DIR = src
# environment
VSCODE_CWD = C:\Users\saidm\AppData\Local\Programs\Microsoft VS Code
# environment
CHOCOLATEYINSTALL = C:\ProgramData\chocolatey
# environment
SYSTEMROOT = C:\WINDOWS
# environment
PROCESSOR_LEVEL = 23
# environment
PSMODULEPATH = C:\Program Files\WindowsPowerShell\Modules;C:\WINDOWS\system32\WindowsPowerShell\v1.0\Modules
# default
MAKE_COMMAND := C:/ProgramData/chocolatey/lib/make/tools/install/bin/make.exe
# automatic
@D = $(patsubst %/,%,$(patsubst %\,%,$(dir $@)))
# environment
CHROME_CRASHPAD_PIPE_NAME = \\.\pipe\crashpad_3344_KVRETIFJZKAUPZUN
# environment
FPS_BROWSER_USER_PROFILE_STRING = Default
# environment
VSCODE_HANDLES_UNCAUGHT_ERRORS = true
# default
.VARIABLES := 
# automatic
%D = $(patsubst %/,%,$(patsubst %\,%,$(dir $%)))
# automatic
^D = $(patsubst %/,%,$(patsubst %\,%,$(dir $^)))
# environment
VSCODE_LOG_STACK = false
# automatic
%F = $(notdir $%)
# environment
VSCODE_CODE_CACHE_PATH = C:\Users\saidm\AppData\Roaming\Code\CachedData\30d9c6cd9483b2cc586687151bcbcd635f373630
# environment
LANG = C
# default
.LOADED := 
# environment
TMP = C:\Users\saidm\AppData\Local\Temp
# default
.INCLUDE_DIRS = .
# environment
PROCESSOR_ARCHITEW6432 = AMD64
# makefile
MAKEFLAGS = pqrR
# environment
ONEDRIVE = C:\Users\saidm\OneDrive
# environment
POWERSHELL_DISTRIBUTION_CHANNEL = MSI:Windows 10 Home Single Language
# makefile
CURDIR := c:/Users/saidm/Documents/GitHub/MyOperatingSystemKernel
# makefile (from 'Makefile', line 1)
ASM = nasm
# environment
VSCODE_PIPE_LOGGING = true
# environment
APPLICATION_INSIGHTS_NO_DIAGNOSTIC_CHANNEL = 1
# automatic
*D = $(patsubst %/,%,$(patsubst %\,%,$(dir $*)))
# environment
PROGRAMFILES = C:\Program Files (x86)
# environment
MFLAGS = -pqrR
# default
.SHELLFLAGS := -c
# environment
COMMONPROGRAMW6432 = C:\Program Files\Common Files
# automatic
+D = $(patsubst %/,%,$(patsubst %\,%,$(dir $+)))
# makefile (from 'Makefile', line 1)
MAKEFILE_LIST := Makefile
# automatic
@F = $(notdir $@)
# environment
VSCODE_VERBOSE_LOGGING = true
# environment
VSCODE_PID = 3344
# automatic
?D = $(patsubst %/,%,$(patsubst %\,%,$(dir $?)))
# environment
POSH_THEMES_PATH = C:\Users\saidm\AppData\Local\Programs\oh-my-posh\themes
# automatic
*F = $(notdir $*)
# automatic
<D = $(patsubst %/,%,$(patsubst %\,%,$(dir $<)))
# environment
VSCODE_NLS_CONFIG = {"locale":"fr","availableLanguages":{"*":"fr"},"_languagePackId":"575d78304484aa5fa0cbb32d34fd883d.fr","_translationsConfigFile":"C:\\Users\\saidm\\AppData\\Roaming\\Code\\clp\\575d78304484aa5fa0cbb32d34fd883d.fr\\tcf.json","_cacheRoot":"C:\\Users\\saidm\\AppData\\Roaming\\Code\\clp\\575d78304484aa5fa0cbb32d34fd883d.fr","_resolvedLanguagePackCoreLocation":"C:\\Users\\saidm\\AppData\\Roaming\\Code\\clp\\575d78304484aa5fa0cbb32d34fd883d.fr\\30d9c6cd9483b2cc586687151bcbcd635f373630","_corruptedFile":"C:\\Users\\saidm\\AppData\\Roaming\\Code\\clp\\575d78304484aa5fa0cbb32d34fd883d.fr\\corrupted.info","_languagePackSupport":true}
# environment
ONEDRIVECONSUMER = C:\Users\saidm\OneDrive
# default
MAKE_HOST := Windows32
# environment
PROGRAMDATA = C:\ProgramData
# default
SHELL := sh.exe
# environment
HOMEPATH = \Users\saidm
# default
MAKECMDGOALS := all
# environment
DRIVERDATA = C:\Windows\System32\Drivers\DriverData
# environment
COMSPEC = C:\WINDOWS\system32\cmd.exe
# environment
WINDIR = C:\WINDOWS
# environment
MAKELEVEL := 0
# default
MAKE = $(MAKE_COMMAND)
# environment
PATH = C:\Windows\system32;C:\Windows;C:\Windows\System32\Wbem;C:\Windows\System32\WindowsPowerShell\v1.0\;C:\Windows\System32\OpenSSH\;C:\Program Files\NVIDIA Corporation\NVIDIA NvDLISR;C:\Program Files (x86)\NVIDIA Corporation\PhysX\Common;C:\Program Files\Git\cmd;C:\WINDOWS\system32;C:\WINDOWS;C:\WINDOWS\System32\Wbem;C:\WINDOWS\System32\WindowsPowerShell\v1.0\;C:\WINDOWS\System32\OpenSSH\;C:\ProgramData\chocolatey\bin;C:\Program Files\CMake\bin;C:\Program Files\PowerShell\7\;C:\Users\saidm\AppData\Local\Microsoft\WindowsApps;C:\Users\saidm\AppData\Local\Programs\Microsoft VS Code\bin;C:\Users\saidm\AppData\Local\GitHubDesktop\bin;C:\mingw64\bin\;C:\SFML\bin;C:\Users\saidm\AppData\Local\Programs\oh-my-posh\bin;C:\Program Files\qemu;
# environment
COMPUTERNAME = DESKTOP-N2VG7G1
# default
MAKEFILES := 
# automatic
^F = $(notdir $^)
# environment
PROMPT = $P$G
# environment
CHOCOLATEYLASTPATHUPDATE = 132994845473546836
# environment
LOGONSERVER = \\DESKTOP-N2VG7G1
# environment
VSCODE_LOG_NATIVE = false
# environment
USERNAME = saidm
# environment
COMMONPROGRAMFILES = C:\Program Files (x86)\Common Files
# automatic
?F = $(notdir $?)
# environment
PROGRAMW6432 = C:\Program Files
# environment
PATHEXT = .COM;.EXE;.BAT;.CMD;.VBS;.VBE;.JS;.JSE;.WSF;.WSH;.MSC
# automatic
+F = $(notdir $+)
# environment
ORIGINAL_XDG_CURRENT_DESKTOP = undefined
# environment
USERDOMAIN = DESKTOP-N2VG7G1
# 'override' directive
GNUMAKEFLAGS := 
# environment
OS = Windows_NT
# environment
BASH_ENV = /etc/bash.bashrc
# makefile
.DEFAULT_GOAL := build/main_floppy.img
# default
MAKE_VERSION := 4.3
# environment
PROGRAMFILES(X86) = C:\Program Files (x86)
# environment
USERDOMAIN_ROAMINGPROFILE = DESKTOP-N2VG7G1
# environment
NUMBER_OF_PROCESSORS = 8
# environment
PUBLIC = C:\Users\Public
# environment
APPDATA = C:\Users\saidm\AppData\Roaming
# environment
HOMEDRIVE = C:
# environment
PROCESSOR_ARCHITECTURE = x86
# environment
VSCODE_AMD_ENTRYPOINT = vs/workbench/api/node/extensionHostProcess
# makefile (from 'Makefile', line 4)
BUILD_DIR = build
# environment
COMMONPROGRAMFILES(X86) = C:\Program Files (x86)\Common Files
# environment
ELECTRON_RUN_AS_NODE = 1
# environment
TEMP = C:\Users\saidm\AppData\Local\Temp
# environment
VSCODE_IPC_HOOK = \\.\pipe\d0773762c7857b79bde4212c5af21ae5-1.68.1-main-sock
# default
.RECIPEPREFIX := 
# automatic
<F = $(notdir $<)
# default
SUFFIXES := 
# environment
ALLUSERSPROFILE = C:\ProgramData
# environment
SESSIONNAME = Console
# default
.FEATURES := target-specific order-only second-expansion else-if shortest-stem undefine oneshell nocomment grouped-target extra-prereqs archives jobserver output-sync load
# environment
PROCESSOR_REVISION = 1801
# environment
PROCESSOR_IDENTIFIER = AMD64 Family 23 Model 24 Stepping 1, AuthenticAMD
# variable set hash-table stats:
# Load=105/1024=10%, Rehash=0, Collisions=12/136=9%

# Pattern-specific Variable Values

# No pattern-specific variable values.

# Directories

# . (key c:/Users/saidm/Documents/GitHub/MyOperatingSystemKernel, mtime 1657197260): 7 files, no impossibilities.

# 7 files, no impossibilities in 1 directories.

# Implicit Rules

# No implicit rules.

# Files

build/main_floppy.img: build/main.bin
#  Implicit rule search has not been done.
#  Modification time never checked.
#  File has not been updated.
#  recipe to execute (from 'Makefile', line 7):
	cp $(BUILD_DIR)/main.bin $(BUILD_DIR)/main_floppy.img
	truncate -s 1440k $(BUILD_DIR)/main_floppy.img

# Not a target:
Makefile:
#  Implicit rule search has been done.
#  Last modified 2022-07-07 15:02:14
#  File has been updated.
#  Successfully updated.

# Not a target:
src/main.asm:
#  Implicit rule search has not been done.
#  Modification time never checked.
#  File has not been updated.

# Not a target:
.DEFAULT:
#  Implicit rule search has not been done.
#  Modification time never checked.
#  File has not been updated.

# Not a target:
all:
#  Command line target.
#  Implicit rule search has been done.
#  File does not exist.
#  File has not been updated.

build/main.bin: src/main.asm
#  Implicit rule search has not been done.
#  Modification time never checked.
#  File has not been updated.
#  recipe to execute (from 'Makefile', line 11):
	$(ASM) $(SRC_DIR)/main.asm -f bin -o $(BUIL 
D_DIR)/main.bin

# files hash-table stats:
# Load=7/1024=1%, Rehash=0, Collisions=0/20=0%
# VPATH Search Paths

# No 'vpath' search paths.

# No general ('VPATH' variable) search path.

# strcache buffers: 1 (0) / strings = 13 / storage = 110 B / avg = 8 B
# current buf: size = 8174 B / used = 110 B / count = 13 / avg = 8 B

# strcache performance: lookups = 20 / hit rate = 35%
# hash-table stats:
# Load=13/8192=0%, Rehash=0, Collisions=0/20=0%
# Finished Make data base on Thu Jul 07 16:34:22 2022

 
